<?xml version="1.0" encoding="UTF-8"?>
<testsuite xmlns:xsi="http://www.w3.org/2001/XMLSchema-instance" xsi:noNamespaceSchemaLocation="https://maven.apache.org/surefire/maven-surefire-plugin/xsd/surefire-test-report-3.0.xsd" version="3.0" name="runner.TestRunner" time="23.731" tests="1" errors="0" skipped="0" failures="0">
  <properties>
[...]
</properties>
  <testcase name="runScenario[&quot;Search product in both home and offers page&quot;, &quot;Search and Place the order for product&quot;](1)" classname="runner.TestRunner" time="18.685">
    <system-out><![CDATA[
Scenario Outline: Search product in both home and offers page                    # src/test/resources/features/searchProducts.feature:16
User is on landing page
  ✔ Given the user is on greenKart landing page                                  # stepDefinitions.LandingPagestepDefinition.user_is_on_greencart_landingpage()

        Embedding Step Screenshot [image/png 390720 bytes]

Tomato - 1 Kg
  ✔ When user search with shortname tom and extracted actual name of the product # stepDefinitions.LandingPagestepDefinition.user_is_on_searchingpage(java.lang.String)

        Embedding Step Screenshot [image/png 81666 bytes]

  ✔ Then user clicks on add to cart                                              # stepDefinitions.LandingPagestepDefinition.user_clicks_on_add_to_cart()

        Embedding Step Screenshot [image/png 82527 bytes]

  ✔ Then user clicks on bag                                                      # stepDefinitions.LandingPagestepDefinition.user_clicks_on_bag()

        Embedding Step Screenshot [image/png 95169 bytes]

  ✔ Then user clicks proceed to checkout                                         # stepDefinitions.LandingPagestepDefinition.user_clicks_on_proceedToCheckout()

        Embedding Step Screenshot [image/png 94794 bytes]

  ✔ Then user clicks place an order                                              # stepDefinitions.LandingPagestepDefinition.placeOrder()

        Embedding Step Screenshot [image/png 33339 bytes]

  ✔ Then user selects on country                                                 # stepDefinitions.LandingPagestepDefinition.country()

        Embedding Step Screenshot [image/png 32460 bytes]

  ✔ And user clicks on proceed                                                   # stepDefinitions.LandingPagestepDefinition.proceed()

        Embedding Step Screenshot [image/png 36696 bytes]

]]></system-out>
    <system-err><![CDATA[SLF4J: Failed to load class "org.slf4j.impl.StaticLoggerBinder".
SLF4J: Defaulting to no-operation (NOP) logger implementation
SLF4J: See http://www.slf4j.org/codes.html#StaticLoggerBinder for further details.
May 01, 2026 12:17:44 PM org.openqa.selenium.devtools.CdpVersionFinder findNearestMatch
WARNING: Unable to find CDP implementation matching 128
May 01, 2026 12:17:44 PM org.openqa.selenium.chromium.ChromiumDriver lambda$new$4
WARNING: Unable to find version of CDP to use for 128.0.6613.113. You may need to include a dependency on a specific version of the CDP using something similar to `org.seleniumhq.selenium:selenium-devtools-v86:4.40.0` where the version ("v86") matches the version of the chromium-based browser you're using and the version number of the artifact is the same as Selenium's.
]]></system-err>
  </testcase>
</testsuite>